<?xml version="1.0" encoding="UTF-8"?>
<!-- Generated by org.testng.reporters.JUnitReportReporter -->
<testsuite hostname="Venkteshs-MacBook-Pro.local" failures="0" tests="1" name="com.FanCode.testcases.completionOfTodosTask_Test" time="2.344" errors="0" timestamp="2024-09-30T14:41:14 IST" skipped="0">
  <testcase classname="com.FanCode.testcases.completionOfTodosTask_Test" name="getTodos" time="2.344"/>
  <system-out/>
</testsuite> <!-- com.FanCode.testcases.completionOfTodosTask_Test -->
